\BOOKMARK [0][-]{chapter*.2}{Introduction}{}% 1
\BOOKMARK [-1][-]{part.1}{I Fluxion Core \040Fundamental Features of Fluxion}{}% 2
\BOOKMARK [0][-]{chapter.1}{Grammar}{part.1}% 3
\BOOKMARK [1][-]{section.1.1}{Notation}{chapter.1}% 4
\BOOKMARK [1][-]{section.1.2}{Common Lexical Units}{chapter.1}% 5
\BOOKMARK [1][-]{section.1.3}{Literals}{chapter.1}% 6
\BOOKMARK [2][-]{subsection.1.3.1}{Boolean Literals}{section.1.3}% 7
\BOOKMARK [2][-]{subsection.1.3.2}{Numerical Literals}{section.1.3}% 8
\BOOKMARK [2][-]{subsection.1.3.3}{Sets and Enumerables}{section.1.3}% 9
\BOOKMARK [2][-]{subsection.1.3.4}{Sequences}{section.1.3}% 10
\BOOKMARK [2][-]{subsection.1.3.5}{Matrices and Vectors}{section.1.3}% 11
\BOOKMARK [2][-]{subsection.1.3.6}{General Literal Grammar}{section.1.3}% 12
\BOOKMARK [1][-]{section.1.4}{Operators}{chapter.1}% 13
\BOOKMARK [2][-]{subsection.1.4.1}{Binary Operators}{section.1.4}% 14
\BOOKMARK [2][-]{subsection.1.4.2}{Unary Operators}{section.1.4}% 15
\BOOKMARK [1][-]{section.1.5}{Variables and Expressions}{chapter.1}% 16
\BOOKMARK [1][-]{section.1.6}{Statements}{chapter.1}% 17
\BOOKMARK [1][-]{section.1.7}{General Program Grammar}{chapter.1}% 18
\BOOKMARK [0][-]{chapter.2}{Fluxion's Type System}{part.1}% 19
\BOOKMARK [1][-]{section.2.1}{An Overview of the Fluxion's Type System}{chapter.2}% 20
\BOOKMARK [2][-]{subsection.2.1.1}{Unbound Variable}{section.2.1}% 21
\BOOKMARK [2][-]{subsection.2.1.2}{Associated Grammar}{section.2.1}% 22
\BOOKMARK [1][-]{section.2.2}{Booleans}{chapter.2}% 23
\BOOKMARK [1][-]{section.2.3}{Numbers}{chapter.2}% 24
\BOOKMARK [2][-]{subsection.2.3.1}{Integers}{section.2.3}% 25
\BOOKMARK [2][-]{subsection.2.3.2}{Decimal}{section.2.3}% 26
\BOOKMARK [2][-]{subsection.2.3.3}{Imaginary numbers}{section.2.3}% 27
\BOOKMARK [2][-]{subsection.2.3.4}{Reserved Numerals}{section.2.3}% 28
\BOOKMARK [1][-]{section.2.4}{Matrices}{chapter.2}% 29
\BOOKMARK [2][-]{subsection.2.4.1}{Vectors}{section.2.4}% 30
\BOOKMARK [1][-]{section.2.5}{Sets}{chapter.2}% 31
\BOOKMARK [2][-]{subsection.2.5.1}{Enumerables}{section.2.5}% 32
\BOOKMARK [2][-]{subsection.2.5.2}{Predefined Sets and Enumerables}{section.2.5}% 33
\BOOKMARK [1][-]{section.2.6}{Sequences}{chapter.2}% 34
\BOOKMARK [0][-]{chapter.3}{Operations}{part.1}% 35
\BOOKMARK [1][-]{section.3.1}{Operator Semantics}{chapter.3}% 36
\BOOKMARK [1][-]{section.3.2}{Error Literals}{chapter.3}% 37
\BOOKMARK [1][-]{section.3.3}{Code Precedence}{chapter.3}% 38
\BOOKMARK [1][-]{section.3.4}{Homogeneous Operations}{chapter.3}% 39
\BOOKMARK [2][-]{subsection.3.4.1}{Numerical Operations}{section.3.4}% 40
\BOOKMARK [2][-]{subsection.3.4.2}{Matrix Operations}{section.3.4}% 41
\BOOKMARK [2][-]{subsection.3.4.3}{Set Operations}{section.3.4}% 42
\BOOKMARK [2][-]{subsection.3.4.4}{Sequence Operations}{section.3.4}% 43
\BOOKMARK [1][-]{section.3.5}{Heterogenous Operations}{chapter.3}% 44
\BOOKMARK [2][-]{subsection.3.5.1}{Containment operator in}{section.3.5}% 45
\BOOKMARK [2][-]{subsection.3.5.2}{Scalar Multiplication Operator *}{section.3.5}% 46
\BOOKMARK [1][-]{section.3.6}{Boolean Operations}{chapter.3}% 47
\BOOKMARK [2][-]{subsection.3.6.1}{Pure Boolean Operators}{section.3.6}% 48
\BOOKMARK [2][-]{subsection.3.6.2}{Open Comperasion Operators}{section.3.6}% 49
\BOOKMARK [2][-]{subsection.3.6.3}{Closed Comperasion Operators}{section.3.6}% 50
\BOOKMARK [0][-]{chapter.4}{Variables}{part.1}% 51
\BOOKMARK [1][-]{section.4.1}{Pure Variables}{chapter.4}% 52
\BOOKMARK [1][-]{section.4.2}{Functions}{chapter.4}% 53
\BOOKMARK [2][-]{subsection.4.2.1}{Partial Functions}{section.4.2}% 54
\BOOKMARK [2][-]{subsection.4.2.2}{Function Domains}{section.4.2}% 55
\BOOKMARK [2][-]{subsection.4.2.3}{Unary Function Inverter Operation \134}{section.4.2}% 56
\BOOKMARK [2][-]{subsection.4.2.4}{Binary Convergence Operator ->}{section.4.2}% 57
\BOOKMARK [1][-]{section.4.3}{Expression Evaluation}{chapter.4}% 58
\BOOKMARK [2][-]{subsection.4.3.1}{Name Resolution}{section.4.3}% 59
\BOOKMARK [1][-]{section.4.4}{Macros}{chapter.4}% 60
\BOOKMARK [1][-]{section.4.5}{Built-in Functions}{chapter.4}% 61
\BOOKMARK [0][-]{chapter.5}{Transformations}{part.1}% 62
\BOOKMARK [1][-]{section.5.1}{Differentiation Transformation}{chapter.5}% 63
\BOOKMARK [2][-]{subsection.5.1.1}{Rules of Differentiation}{section.5.1}% 64
\BOOKMARK [1][-]{section.5.2}{The Gradient Transformation}{chapter.5}% 65
\BOOKMARK [1][-]{section.5.3}{Taylor Transformation}{chapter.5}% 66
\BOOKMARK [1][-]{section.5.4}{Maclaurin Transformation}{chapter.5}% 67
\BOOKMARK [1][-]{section.5.5}{Integration Transformation}{chapter.5}% 68
\BOOKMARK [2][-]{subsection.5.5.1}{Solving an Integral}{section.5.5}% 69
\BOOKMARK [2][-]{subsection.5.5.2}{Integration with Euler's Formula}{section.5.5}% 70
\BOOKMARK [2][-]{subsection.5.5.3}{Risch's Algorithm}{section.5.5}% 71
\BOOKMARK [1][-]{section.5.6}{Definite Integration}{chapter.5}% 72
\BOOKMARK [0][-]{chapter.6}{Reductions}{part.1}% 73
\BOOKMARK [1][-]{section.6.1}{Reductions on Simple Operations}{chapter.6}% 74
\BOOKMARK [1][-]{section.6.2}{Reductions on Functions}{chapter.6}% 75
\BOOKMARK [1][-]{section.6.3}{Reductions on Logarithmic Functions}{chapter.6}% 76
\BOOKMARK [1][-]{section.6.4}{Reductions on Trigonometric Functions}{chapter.6}% 77
\BOOKMARK [1][-]{section.6.5}{Reduction on Inverse Trigonometric Functions}{chapter.6}% 78
\BOOKMARK [1][-]{section.6.6}{Reductions on Gamma Function}{chapter.6}% 79
\BOOKMARK [1][-]{section.6.7}{Reductions on Sum and Product}{chapter.6}% 80
\BOOKMARK [1][-]{section.6.8}{Reductions on Integrals}{chapter.6}% 81
\BOOKMARK [1][-]{section.6.9}{Reductions on Matrices}{chapter.6}% 82
\BOOKMARK [1][-]{section.6.10}{Reductions on Sets}{chapter.6}% 83
\BOOKMARK [0][-]{chapter.7}{Statements}{part.1}% 84
\BOOKMARK [1][-]{section.7.1}{Introducing Context with introduce}{chapter.7}% 85
\BOOKMARK [1][-]{section.7.2}{Adding to Contexts with export}{chapter.7}% 86
\BOOKMARK [1][-]{section.7.3}{Solve Equations with ?}{chapter.7}% 87
\BOOKMARK [-1][-]{part.2}{II the Fluxion Standard Library}{}% 88
\BOOKMARK [0][-]{appendix.A}{Mathematical Proofs and Functions}{part.2}% 89
\BOOKMARK [1][-]{section.A.1}{Exponentiation by Complex Numerals}{appendix.A}% 90
\BOOKMARK [0][-]{appendix.B}{Algorithm Complexities and Pitfalls}{part.2}% 91
\BOOKMARK [1][-]{section.B.1}{Complexity of the Integration Algorithm}{appendix.B}% 92
